2017-08-04 03:08:18 [scrapy.utils.log] INFO: Scrapy 1.3.3 started (bot: cspider)
2017-08-04 03:08:18 [scrapy.utils.log] INFO: Overridden settings: {'COOKIES_ENABLED': False, 'SPIDER_MODULES': ['cspider.spiders'], 'RETRY_ENABLED': False, 'SCHEDULER': 'scrapy_redis.scheduler.Scheduler', 'REACTOR_THREADPOOL_MAXSIZE': 20, 'LOG_FILE': 'logs/broad-spider/ebayredis/172c5bd0787f11e7a807b888e3315da4.log', 'AJAXCRAWL_ENABLED': True, 'DUPEFILTER_CLASS': 'scrapy_redis.dupefilter.RFPDupeFilter', 'CONCURRENT_REQUESTS': 100, 'BOT_NAME': 'cspider', 'LOG_LEVEL': 'INFO', 'DOWNLOAD_TIMEOUT': 15, 'NEWSPIDER_MODULE': 'cspider.spiders'}
2017-08-04 03:08:18 [scrapy.middleware] INFO: Enabled extensions:
['scrapy.extensions.logstats.LogStats',
 'scrapy.extensions.corestats.CoreStats',
 'scrapy.extensions.telnet.TelnetConsole']
2017-08-04 03:08:18 [scrapy.middleware] INFO: Enabled downloader middlewares:
['scrapy.downloadermiddlewares.httpauth.HttpAuthMiddleware',
 'scrapy.downloadermiddlewares.downloadtimeout.DownloadTimeoutMiddleware',
 'scrapy.downloadermiddlewares.defaultheaders.DefaultHeadersMiddleware',
 'scrapy.downloadermiddlewares.useragent.UserAgentMiddleware',
 'scrapy.downloadermiddlewares.ajaxcrawl.AjaxCrawlMiddleware',
 'scrapy.downloadermiddlewares.redirect.MetaRefreshMiddleware',
 'scrapy.downloadermiddlewares.httpcompression.HttpCompressionMiddleware',
 'scrapy.downloadermiddlewares.redirect.RedirectMiddleware',
 'scrapy.downloadermiddlewares.stats.DownloaderStats']
2017-08-04 03:08:18 [scrapy.middleware] INFO: Enabled spider middlewares:
['scrapy.spidermiddlewares.httperror.HttpErrorMiddleware',
 'scrapy.spidermiddlewares.offsite.OffsiteMiddleware',
 'scrapy.spidermiddlewares.referer.RefererMiddleware',
 'scrapy.spidermiddlewares.urllength.UrlLengthMiddleware',
 'scrapy.spidermiddlewares.depth.DepthMiddleware']
2017-08-04 03:08:18 [scrapy.middleware] INFO: Enabled item pipelines:
[]
2017-08-04 03:08:18 [scrapy.core.engine] INFO: Spider opened
2017-08-04 03:08:18 [scrapy.extensions.logstats] INFO: Crawled 0 pages (at 0 pages/min), scraped 0 items (at 0 items/min)
2017-08-04 03:08:49 [scrapy.spidermiddlewares.httperror] INFO: Ignoring response <400 http://ju.taobao.com?spm=a21bo.7724922.1997523009.4.N9av6u>: HTTP status code is not handled or not allowed
2017-08-04 03:09:18 [scrapy.extensions.logstats] INFO: Crawled 57 pages (at 57 pages/min), scraped 0 items (at 0 items/min)
2017-08-04 03:10:19 [scrapy.extensions.logstats] INFO: Crawled 124 pages (at 67 pages/min), scraped 0 items (at 0 items/min)
2017-08-04 03:11:18 [scrapy.extensions.logstats] INFO: Crawled 181 pages (at 57 pages/min), scraped 0 items (at 0 items/min)
2017-08-04 03:12:18 [scrapy.extensions.logstats] INFO: Crawled 235 pages (at 54 pages/min), scraped 0 items (at 0 items/min)
2017-08-04 03:14:24 [scrapy.crawler] INFO: Received SIGTERM, shutting down gracefully. Send again to force 
2017-08-04 03:16:20 [scrapy.core.engine] INFO: Closing spider (shutdown)
2017-08-04 03:16:20 [scrapy.extensions.logstats] INFO: Crawled 238 pages (at 3 pages/min), scraped 0 items (at 0 items/min)
2017-08-04 03:16:20 [scrapy.statscollectors] INFO: Dumping Scrapy stats:
{'downloader/request_bytes': 87207,
 'downloader/request_count': 311,
 'downloader/request_method_count/GET': 311,
 'downloader/response_bytes': 8007857,
 'downloader/response_count': 311,
 'downloader/response_status_count/200': 237,
 'downloader/response_status_count/301': 28,
 'downloader/response_status_count/302': 45,
 'downloader/response_status_count/400': 1,
 'finish_reason': 'shutdown',
 'finish_time': datetime.datetime(2017, 8, 3, 19, 16, 20, 842485),
 'log_count/INFO': 14,
 'response_received_count': 238,
 'scheduler/dequeued/redis': 311,
 'scheduler/enqueued/redis': 311,
 'start_time': datetime.datetime(2017, 8, 3, 19, 8, 18, 631070)}
2017-08-04 03:16:20 [scrapy.core.engine] INFO: Spider closed (shutdown)
