[INFO  - 2017-07-09T16:47:51.286Z] GhostDriver - Main - running on port 51667
[INFO  - 2017-07-09T16:47:52.210Z] Session [594425b0-64c6-11e7-82b1-837480876ed2] - page.settings - {"XSSAuditingEnabled":false,"javascriptCanCloseWindows":true,"javascriptCanOpenWindows":true,"javascriptEnabled":true,"loadImages":true,"localToRemoteUrlAccessEnabled":false,"userAgent":"Mozilla/5.0 (Unknown; Linux x86_64) AppleWebKit/538.1 (KHTML, like Gecko) PhantomJS/2.1.1 Safari/538.1","webSecurityEnabled":true}
[INFO  - 2017-07-09T16:47:52.210Z] Session [594425b0-64c6-11e7-82b1-837480876ed2] - page.customHeaders:  - {}
[INFO  - 2017-07-09T16:47:52.210Z] Session [594425b0-64c6-11e7-82b1-837480876ed2] - Session.negotiatedCapabilities - {"browserName":"phantomjs","version":"2.1.1","driverName":"ghostdriver","driverVersion":"1.2.0","platform":"linux-unknown-64bit","javascriptEnabled":true,"takesScreenshot":true,"handlesAlerts":false,"databaseEnabled":false,"locationContextEnabled":false,"applicationCacheEnabled":false,"browserConnectionEnabled":false,"cssSelectorsEnabled":true,"webStorageEnabled":false,"rotatable":false,"acceptSslCerts":false,"nativeEvents":true,"proxy":{"proxyType":"direct"}}
[INFO  - 2017-07-09T16:47:52.210Z] SessionManagerReqHand - _postNewSessionCommand - New Session Created: 594425b0-64c6-11e7-82b1-837480876ed2
[ERROR - 2017-07-09T16:47:52.471Z] WebElementLocator - _handleLocateCommand - Element(s) NOT Found: GAVE UP. Search Stop Time: 1499618872445

  phantomjs://platform/console++.js:263 in error
[ERROR - 2017-07-09T16:47:53.301Z] WebElementLocator - _handleLocateCommand - Element(s) NOT Found: GAVE UP. Search Stop Time: 1499618873277

  phantomjs://platform/console++.js:263 in error
[ERROR - 2017-07-09T16:47:54.130Z] WebElementLocator - _handleLocateCommand - Element(s) NOT Found: GAVE UP. Search Stop Time: 1499618874110

  phantomjs://platform/console++.js:263 in error
[ERROR - 2017-07-09T16:47:54.955Z] WebElementLocator - _handleLocateCommand - Element(s) NOT Found: GAVE UP. Search Stop Time: 1499618874936

  phantomjs://platform/console++.js:263 in error
[ERROR - 2017-07-09T16:47:55.784Z] WebElementLocator - _handleLocateCommand - Element(s) NOT Found: GAVE UP. Search Stop Time: 1499618875766

  phantomjs://platform/console++.js:263 in error
[ERROR - 2017-07-09T16:47:56.608Z] WebElementLocator - _handleLocateCommand - Element(s) NOT Found: GAVE UP. Search Stop Time: 1499618876588

  phantomjs://platform/console++.js:263 in error
[ERROR - 2017-07-09T16:47:57.430Z] WebElementLocator - _handleLocateCommand - Element(s) NOT Found: GAVE UP. Search Stop Time: 1499618877412

  phantomjs://platform/console++.js:263 in error
[ERROR - 2017-07-09T16:47:58.252Z] WebElementLocator - _handleLocateCommand - Element(s) NOT Found: GAVE UP. Search Stop Time: 1499618878231

  phantomjs://platform/console++.js:263 in error
[ERROR - 2017-07-09T16:47:59.080Z] WebElementLocator - _handleLocateCommand - Element(s) NOT Found: GAVE UP. Search Stop Time: 1499618879059

  phantomjs://platform/console++.js:263 in error
[ERROR - 2017-07-09T16:47:59.900Z] WebElementLocator - _handleLocateCommand - Element(s) NOT Found: GAVE UP. Search Stop Time: 1499618879883

  phantomjs://platform/console++.js:263 in error
[ERROR - 2017-07-09T16:48:00.720Z] WebElementLocator - _handleLocateCommand - Element(s) NOT Found: GAVE UP. Search Stop Time: 1499618880701

  phantomjs://platform/console++.js:263 in error
[ERROR - 2017-07-09T16:48:01.542Z] WebElementLocator - _handleLocateCommand - Element(s) NOT Found: GAVE UP. Search Stop Time: 1499618881524

  phantomjs://platform/console++.js:263 in error
[ERROR - 2017-07-09T16:48:02.372Z] WebElementLocator - _handleLocateCommand - Element(s) NOT Found: GAVE UP. Search Stop Time: 1499618882353

  phantomjs://platform/console++.js:263 in error
